{"D:\\codecoverage\\add.js": {"path":"D:\\codecoverage\\add.js","statementMap":{"0":{"start":{"line":2,"column":8},"end":{"line":2,"column":9}},"1":{"start":{"line":3,"column":2},"end":{"line":3,"column":9}},"2":{"start":{"line":4,"column":2},"end":{"line":4,"column":15}},"3":{"start":{"line":6,"column":0},"end":{"line":6,"column":21}}},"fnMap":{"0":{"name":"sum","decl":{"start":{"line":1,"column":10},"end":{"line":1,"column":13}},"loc":{"start":{"line":1,"column":20},"end":{"line":5,"column":1}},"line":1}},"branchMap":{},"s":{"0":1,"1":1,"2":1,"3":1},"f":{"0":1},"b":{},"_coverageSchema":"1a1c01bbd47fc00a2c39e90264f33305004495a9","hash":"427a3308db5c5c2e0f0454de7328d8add9816d13"}
,"D:\\codecoverage\\timerGame.js": {"path":"D:\\codecoverage\\timerGame.js","statementMap":{"0":{"start":{"line":3,"column":2},"end":{"line":3,"column":30}},"1":{"start":{"line":4,"column":2},"end":{"line":7,"column":11}},"2":{"start":{"line":6,"column":4},"end":{"line":6,"column":27}},"3":{"start":{"line":10,"column":0},"end":{"line":10,"column":27}}},"fnMap":{"0":{"name":"timerGame","decl":{"start":{"line":2,"column":9},"end":{"line":2,"column":18}},"loc":{"start":{"line":2,"column":29},"end":{"line":8,"column":1}},"line":2},"1":{"name":"(anonymous_1)","decl":{"start":{"line":4,"column":13},"end":{"line":4,"column":14}},"loc":{"start":{"line":4,"column":19},"end":{"line":7,"column":3}},"line":4}},"branchMap":{"0":{"loc":{"start":{"line":6,"column":4},"end":{"line":6,"column":26}},"type":"binary-expr","locations":[{"start":{"line":6,"column":4},"end":{"line":6,"column":12}},{"start":{"line":6,"column":16},"end":{"line":6,"column":26}}],"line":6}},"s":{"0":2,"1":2,"2":1,"3":1},"f":{"0":2,"1":1},"b":{"0":[1,1]},"_coverageSchema":"1a1c01bbd47fc00a2c39e90264f33305004495a9","hash":"20a03a232f02acc1c038ebef302b72ba662477cb"}
}
